0 info it worked if it ends with ok
1 verbose cli [ '/Users/baidu/.nvm/versions/node/v4.2.6/bin/node',
1 verbose cli   '/Users/baidu/.nvm/versions/node/v4.2.6/bin/npm',
1 verbose cli   'start' ]
2 info using npm@2.14.12
3 info using node@v4.2.6
4 verbose run-script [ 'prestart', 'start', 'poststart' ]
5 info prestart zhangyunlu@1.0.0
6 info start zhangyunlu@1.0.0
7 verbose unsafe-perm in lifecycle true
8 info zhangyunlu@1.0.0 Failed to exec start script
9 verbose stack Error: zhangyunlu@1.0.0 start: `webpack-dev-server --hot --inline`
9 verbose stack Exit status 1
9 verbose stack     at EventEmitter.<anonymous> (/Users/baidu/.nvm/versions/node/v4.2.6/lib/node_modules/npm/lib/utils/lifecycle.js:214:16)
9 verbose stack     at emitTwo (events.js:87:13)
9 verbose stack     at EventEmitter.emit (events.js:172:7)
9 verbose stack     at ChildProcess.<anonymous> (/Users/baidu/.nvm/versions/node/v4.2.6/lib/node_modules/npm/lib/utils/spawn.js:24:14)
9 verbose stack     at emitTwo (events.js:87:13)
9 verbose stack     at ChildProcess.emit (events.js:172:7)
9 verbose stack     at maybeClose (internal/child_process.js:821:16)
9 verbose stack     at Process.ChildProcess._handle.onexit (internal/child_process.js:211:5)
10 verbose pkgid zhangyunlu@1.0.0
11 verbose cwd /Users/baidu/code/mygit/ecmascript5-6-7/src
12 error Darwin 14.5.0
13 error argv "/Users/baidu/.nvm/versions/node/v4.2.6/bin/node" "/Users/baidu/.nvm/versions/node/v4.2.6/bin/npm" "start"
14 error node v4.2.6
15 error npm  v2.14.12
16 error code ELIFECYCLE
17 error zhangyunlu@1.0.0 start: `webpack-dev-server --hot --inline`
17 error Exit status 1
18 error Failed at the zhangyunlu@1.0.0 start script 'webpack-dev-server --hot --inline'.
18 error This is most likely a problem with the zhangyunlu package,
18 error not with npm itself.
18 error Tell the author that this fails on your system:
18 error     webpack-dev-server --hot --inline
18 error You can get their info via:
18 error     npm owner ls zhangyunlu
18 error There is likely additional logging output above.
19 verbose exit [ 1, true ]
